Using pre-set license
Built from '2020.3/release' branch; Version is '2020.3.27f1 (e759542391ea) revision 15161684'; Using compiler version '192528614'; Build Type 'Release'
OS: 'Windows 10  (10.0.19044) 64bit Core' Language: 'en' Physical Memory: 16310 MB
BatchMode: 1, IsHumanControllingUs: 0, StartBugReporterOnCrash: 0, Is64bit: 1, IsPro: 0

COMMAND LINE ARGUMENTS:
C:\Program Files\Unity\Hub\Editor\2020.3.27f1\Editor\Unity.exe
-adb2
-batchMode
-noUpm
-name
AssetImportWorker0
-projectPath
C:/Users/Luqman/Documents/Spring 2022/Intro Game design/Anoroc/Anoroc/Anoroc
-logFile
Logs/AssetImportWorker0.log
-srvPort
59941
Successfully changed project path to: C:/Users/Luqman/Documents/Spring 2022/Intro Game design/Anoroc/Anoroc/Anoroc
C:/Users/Luqman/Documents/Spring 2022/Intro Game design/Anoroc/Anoroc/Anoroc
Using Asset Import Pipeline V2.
Refreshing native plugins compatible for Editor in 26.39 ms, found 2 plugins.
Preloading 0 native plugins for Editor in 0.00 ms.
Initialize engine version: 2020.3.27f1 (e759542391ea)
[Subsystems] Discovering subsystems at path C:/Program Files/Unity/Hub/Editor/2020.3.27f1/Editor/Data/Resources/UnitySubsystems
[Subsystems] Discovering subsystems at path C:/Users/Luqman/Documents/Spring 2022/Intro Game design/Anoroc/Anoroc/Anoroc/Assets
GfxDevice: creating device client; threaded=0
Direct3D:
    Version:  Direct3D 11.0 [level 11.1]
    Renderer: NVIDIA GeForce RTX 3060 (ID=0x2504)
    Vendor:   
    VRAM:     12142 MB
    Driver:   30.0.15.1179
Initialize mono
Mono path[0] = 'C:/Program Files/Unity/Hub/Editor/2020.3.27f1/Editor/Data/Managed'
Mono path[1] = 'C:/Program Files/Unity/Hub/Editor/2020.3.27f1/Editor/Data/MonoBleedingEdge/lib/mono/unityjit'
Mono config path = 'C:/Program Files/Unity/Hub/Editor/2020.3.27f1/Editor/Data/MonoBleedingEdge/etc'
Using monoOptions --debugger-agent=transport=dt_socket,embedding=1,server=y,suspend=n,address=127.0.0.1:56508
Begin MonoManager ReloadAssembly
Registering precompiled unity dll's ...
Register platform support module: C:/Program Files/Unity/Hub/Editor/2020.3.27f1/Editor/Data/PlaybackEngines/WindowsStandaloneSupport/UnityEditor.WindowsStandalone.Extensions.dll
Registered in 0.001805 seconds.
Native extension for WindowsStandalone target not found
Refreshing native plugins compatible for Editor in 26.41 ms, found 2 plugins.
Preloading 0 native plugins for Editor in 0.00 ms.
Mono: successfully reloaded assembly
- Completed reload, in  0.459 seconds
Domain Reload Profiling:
	ReloadAssembly (459ms)
		BeginReloadAssembly (53ms)
			ExecutionOrderSort (0ms)
			DisableScriptedObjects (0ms)
			BackupInstance (0ms)
			ReleaseScriptingObjects (0ms)
			CreateAndSetChildDomain (1ms)
		EndReloadAssembly (346ms)
			LoadAssemblies (51ms)
			RebuildTransferFunctionScriptingTraits (0ms)
			SetupTypeCache (107ms)
			ReleaseScriptCaches (0ms)
			RebuildScriptCaches (28ms)
			SetupLoadedEditorAssemblies (127ms)
				LogAssemblyErrors (0ms)
				InitializePlatformSupportModulesInManaged (4ms)
				SetLoadedEditorAssemblies (0ms)
				RefreshPlugins (26ms)
				BeforeProcessingInitializeOnLoad (6ms)
				ProcessInitializeOnLoadAttributes (69ms)
				ProcessInitializeOnLoadMethodAttributes (21ms)
				AfterProcessingInitializeOnLoad (0ms)
				EditorAssembliesLoaded (0ms)
			ExecutionOrderSort2 (0ms)
			AwakeInstancesAfterBackupRestoration (0ms)
Platform modules already initialized, skipping
Registering precompiled user dll's ...
Registered in 0.003592 seconds.
Begin MonoManager ReloadAssembly
Native extension for WindowsStandalone target not found
Refreshing native plugins compatible for Editor in 0.32 ms, found 2 plugins.
Preloading 0 native plugins for Editor in 0.00 ms.
Mono: successfully reloaded assembly
- Completed reload, in  0.782 seconds
Domain Reload Profiling:
	ReloadAssembly (783ms)
		BeginReloadAssembly (116ms)
			ExecutionOrderSort (0ms)
			DisableScriptedObjects (4ms)
			BackupInstance (0ms)
			ReleaseScriptingObjects (0ms)
			CreateAndSetChildDomain (15ms)
		EndReloadAssembly (615ms)
			LoadAssemblies (75ms)
			RebuildTransferFunctionScriptingTraits (0ms)
			SetupTypeCache (213ms)
			ReleaseScriptCaches (0ms)
			RebuildScriptCaches (30ms)
			SetupLoadedEditorAssemblies (236ms)
				LogAssemblyErrors (0ms)
				InitializePlatformSupportModulesInManaged (4ms)
				SetLoadedEditorAssemblies (0ms)
				RefreshPlugins (0ms)
				BeforeProcessingInitializeOnLoad (46ms)
				ProcessInitializeOnLoadAttributes (171ms)
				ProcessInitializeOnLoadMethodAttributes (8ms)
				AfterProcessingInitializeOnLoad (6ms)
				EditorAssembliesLoaded (0ms)
			ExecutionOrderSort2 (0ms)
			AwakeInstancesAfterBackupRestoration (5ms)
Platform modules already initialized, skipping
========================================================================
Worker process is ready to serve import requests
Launched and connected shader compiler UnityShaderCompiler.exe after 0.04 seconds
Refreshing native plugins compatible for Editor in 0.31 ms, found 2 plugins.
Preloading 0 native plugins for Editor in 0.00 ms.
Unloading 1503 Unused Serialized files (Serialized files now loaded: 0)
System memory in use before: 68.0 MB.
System memory in use after: 68.0 MB.

Unloading 19 unused Assets to reduce memory usage. Loaded Objects now: 1935.
Total: 2.196600 ms (FindLiveObjects: 0.091900 ms CreateObjectMapping: 0.034500 ms MarkObjects: 2.023900 ms  DeleteObjects: 0.045600 ms)

AssetImportParameters requested are different than current active one (requested -> active):
  custom:framework-win-MediaFoundation: 216162199b28c13a410421893ffa2e32 -> 
  custom:video-decoder-ogg-theora: a1e56fd34408186e4bbccfd4996cb3dc -> 
  custom:container-muxer-webm: aa71ff27fc2769a1b78a27578f13a17b -> 
  custom:container-demuxer-webm: 4f35f7cbe854078d1ac9338744f61a02 -> 
  custom:container-demuxer-ogg: 62fdf1f143b41e24485cea50d1cbac27 -> 
  custom:video-encoder-webm-vp8: eb34c28f22e8b96e1ab97ce403110664 -> 
  custom:video-decoder-webm-vp8: 9c59270c3fd7afecdb556c50c9e8de78 -> 
  custom:audio-decoder-ogg-vorbis: bf7c407c2cedff20999df2af8eb42d56 -> 
  custom:audio-encoder-webm-vorbis: bf7c407c2cedff20999df2af8eb42d56 -> 
========================================================================
Received Import Request.
  path: Assets
  artifactKey: Guid(00000000000000001000000000000000) Importer(815301076,1909f56bfc062723c751e8b465ee728b)
Start importing Assets using Guid(00000000000000001000000000000000) Importer(815301076,1909f56bfc062723c751e8b465ee728b)  -> (artifact id: '42d402b061de3733987d63b9cc3b64de') in 0.007657 seconds 
  Import took 0.009420 seconds .

========================================================================
Received Import Request.
  Time since last request: 5.309473 seconds.
  path: Assets/Objects
  artifactKey: Guid(b117778ab5fcb3a40bc844e4210e584d) Importer(815301076,1909f56bfc062723c751e8b465ee728b)
Start importing Assets/Objects using Guid(b117778ab5fcb3a40bc844e4210e584d) Importer(815301076,1909f56bfc062723c751e8b465ee728b)  -> (artifact id: '498ff95cd1b0dc0eb1c0ba3be467ce5d') in 0.006396 seconds 
  Import took 0.008355 seconds .

========================================================================
Received Import Request.
  Time since last request: 16.231931 seconds.
  path: Assets/Objects/Table2.fbx
  artifactKey: Guid(43ac8c24d4e382042a4bd3784a61b5b0) Importer(815301076,1909f56bfc062723c751e8b465ee728b)
Start importing Assets/Objects/Table2.fbx using Guid(43ac8c24d4e382042a4bd3784a61b5b0) Importer(815301076,1909f56bfc062723c751e8b465ee728b)  -> (artifact id: 'ca36ab875c4bad48eb1ed35547df8add') in 0.287514 seconds 
  Import took 0.289674 seconds .

========================================================================
Received Import Request.
  Time since last request: 2.296038 seconds.
  path: Assets/Objects/squarekey.fbx
  artifactKey: Guid(c721583a41708ad4baca88d2e944cffb) Importer(815301076,1909f56bfc062723c751e8b465ee728b)
Start importing Assets/Objects/squarekey.fbx using Guid(c721583a41708ad4baca88d2e944cffb) Importer(815301076,1909f56bfc062723c751e8b465ee728b)  -> (artifact id: '5e38a67ceac4ebf4cd946e700b620248') in 0.021723 seconds 
  Import took 0.023842 seconds .

========================================================================
Received Import Request.
  Time since last request: 0.824917 seconds.
  path: Assets/Objects/sphereKey.fbx
  artifactKey: Guid(c0b14086f7a1a3b4da217fc2eae74420) Importer(815301076,1909f56bfc062723c751e8b465ee728b)
Start importing Assets/Objects/sphereKey.fbx using Guid(c0b14086f7a1a3b4da217fc2eae74420) Importer(815301076,1909f56bfc062723c751e8b465ee728b)  -> (artifact id: '86ce7d97a30d16562cdc64e9d4983109') in 0.016366 seconds 
  Import took 0.018474 seconds .

========================================================================
Received Import Request.
  Time since last request: 2.865394 seconds.
  path: Assets/Objects/Safe.fbx
  artifactKey: Guid(a18659e148f5e634f9b4445a889047cd) Importer(815301076,1909f56bfc062723c751e8b465ee728b)
Start importing Assets/Objects/Safe.fbx using Guid(a18659e148f5e634f9b4445a889047cd) Importer(815301076,1909f56bfc062723c751e8b465ee728b)  -> (artifact id: '2429b0321729eabbaf4c9d0454cc1f46') in 0.103506 seconds 
  Import took 0.105907 seconds .

========================================================================
Received Import Request.
  Time since last request: 1.058327 seconds.
  path: Assets/Objects/room1.fbx
  artifactKey: Guid(a5863eb77018ad648a6f27d91e63ea40) Importer(815301076,1909f56bfc062723c751e8b465ee728b)
Start importing Assets/Objects/room1.fbx using Guid(a5863eb77018ad648a6f27d91e63ea40) Importer(815301076,1909f56bfc062723c751e8b465ee728b)  -> (artifact id: '5835ac2b046c391774bdf89c11aaf38e') in 0.045725 seconds 
  Import took 0.047889 seconds .

========================================================================
Received Import Request.
  Time since last request: 1.760489 seconds.
  path: Assets/Objects/portal.fbx
  artifactKey: Guid(35d92fa02a22c5e4787f1507471efa46) Importer(815301076,1909f56bfc062723c751e8b465ee728b)
Start importing Assets/Objects/portal.fbx using Guid(35d92fa02a22c5e4787f1507471efa46) Importer(815301076,1909f56bfc062723c751e8b465ee728b)  -> (artifact id: '62812f10b3f1dd9b5415bb890f80ac97') in 0.024031 seconds 
  Import took 0.027072 seconds .

========================================================================
Received Import Request.
  Time since last request: 1.534134 seconds.
  path: Assets/Objects/operatingTable2.fbx
  artifactKey: Guid(f873d5cbb0a5afa41b4aa906b08673e7) Importer(815301076,1909f56bfc062723c751e8b465ee728b)
Start importing Assets/Objects/operatingTable2.fbx using Guid(f873d5cbb0a5afa41b4aa906b08673e7) Importer(815301076,1909f56bfc062723c751e8b465ee728b)  -> (artifact id: 'ae0a6a45a2e64c2c70e705b72dc8a03d') in 0.051240 seconds 
  Import took 0.053791 seconds .

========================================================================
Received Import Request.
  Time since last request: 4.446399 seconds.
  path: Assets/Objects/key.fbx
  artifactKey: Guid(3656279de04462445bfe975ced74ad90) Importer(815301076,1909f56bfc062723c751e8b465ee728b)
Start importing Assets/Objects/key.fbx using Guid(3656279de04462445bfe975ced74ad90) Importer(815301076,1909f56bfc062723c751e8b465ee728b)  -> (artifact id: '26366fca5fc1a89779a35732047fbbc4') in 0.010950 seconds 
  Import took 0.013088 seconds .

AssetImportWorkerClient::OnTransportError - code=2 error=End of file
