Using pre-set license
Built from '2020.3/release' branch; Version is '2020.3.27f1 (e759542391ea) revision 15161684'; Using compiler version '192528614'; Build Type 'Release'
OS: 'Windows 11  (10.0.22000) 64bit Core' Language: 'en' Physical Memory: 16085 MB
BatchMode: 1, IsHumanControllingUs: 0, StartBugReporterOnCrash: 0, Is64bit: 1, IsPro: 0

COMMAND LINE ARGUMENTS:
C:\Program Files\Unity\Hub\Editor\2020.3.27f1\Editor\Unity.exe
-adb2
-batchMode
-noUpm
-name
AssetImportWorker0
-projectPath
C:/GitHub/Anoroc/Anoroc
-logFile
Logs/AssetImportWorker0.log
-srvPort
53997
Successfully changed project path to: C:/GitHub/Anoroc/Anoroc
C:/GitHub/Anoroc/Anoroc
Using Asset Import Pipeline V2.
Refreshing native plugins compatible for Editor in 23.18 ms, found 2 plugins.
Preloading 0 native plugins for Editor in 0.00 ms.
Initialize engine version: 2020.3.27f1 (e759542391ea)
[Subsystems] Discovering subsystems at path C:/Program Files/Unity/Hub/Editor/2020.3.27f1/Editor/Data/Resources/UnitySubsystems
[Subsystems] Discovering subsystems at path C:/GitHub/Anoroc/Anoroc/Assets
GfxDevice: creating device client; threaded=0
Direct3D:
    Version:  Direct3D 11.0 [level 11.1]
    Renderer: NVIDIA GeForce RTX 3060 Laptop GPU (ID=0x2520)
    Vendor:   
    VRAM:     6023 MB
    Driver:   30.0.15.1179
Initialize mono
Mono path[0] = 'C:/Program Files/Unity/Hub/Editor/2020.3.27f1/Editor/Data/Managed'
Mono path[1] = 'C:/Program Files/Unity/Hub/Editor/2020.3.27f1/Editor/Data/MonoBleedingEdge/lib/mono/unityjit'
Mono config path = 'C:/Program Files/Unity/Hub/Editor/2020.3.27f1/Editor/Data/MonoBleedingEdge/etc'
Using monoOptions --debugger-agent=transport=dt_socket,embedding=1,server=y,suspend=n,address=127.0.0.1:56780
Begin MonoManager ReloadAssembly
Registering precompiled unity dll's ...
Register platform support module: C:/Program Files/Unity/Hub/Editor/2020.3.27f1/Editor/Data/PlaybackEngines/WindowsStandaloneSupport/UnityEditor.WindowsStandalone.Extensions.dll
Registered in 0.001196 seconds.
Native extension for WindowsStandalone target not found
Refreshing native plugins compatible for Editor in 25.43 ms, found 2 plugins.
Preloading 0 native plugins for Editor in 0.00 ms.
Mono: successfully reloaded assembly
- Completed reload, in  0.565 seconds
Domain Reload Profiling:
	ReloadAssembly (565ms)
		BeginReloadAssembly (63ms)
			ExecutionOrderSort (0ms)
			DisableScriptedObjects (0ms)
			BackupInstance (0ms)
			ReleaseScriptingObjects (0ms)
			CreateAndSetChildDomain (1ms)
		EndReloadAssembly (438ms)
			LoadAssemblies (58ms)
			RebuildTransferFunctionScriptingTraits (0ms)
			SetupTypeCache (160ms)
			ReleaseScriptCaches (0ms)
			RebuildScriptCaches (27ms)
			SetupLoadedEditorAssemblies (128ms)
				LogAssemblyErrors (0ms)
				InitializePlatformSupportModulesInManaged (5ms)
				SetLoadedEditorAssemblies (0ms)
				RefreshPlugins (26ms)
				BeforeProcessingInitializeOnLoad (12ms)
				ProcessInitializeOnLoadAttributes (62ms)
				ProcessInitializeOnLoadMethodAttributes (23ms)
				AfterProcessingInitializeOnLoad (0ms)
				EditorAssembliesLoaded (0ms)
			ExecutionOrderSort2 (0ms)
			AwakeInstancesAfterBackupRestoration (0ms)
Platform modules already initialized, skipping
Registering precompiled user dll's ...
Registered in 0.002373 seconds.
Begin MonoManager ReloadAssembly
Native extension for WindowsStandalone target not found
Refreshing native plugins compatible for Editor in 0.27 ms, found 2 plugins.
Preloading 0 native plugins for Editor in 0.00 ms.
Mono: successfully reloaded assembly
- Completed reload, in  0.922 seconds
Domain Reload Profiling:
	ReloadAssembly (923ms)
		BeginReloadAssembly (109ms)
			ExecutionOrderSort (0ms)
			DisableScriptedObjects (3ms)
			BackupInstance (0ms)
			ReleaseScriptingObjects (0ms)
			CreateAndSetChildDomain (14ms)
		EndReloadAssembly (759ms)
			LoadAssemblies (82ms)
			RebuildTransferFunctionScriptingTraits (0ms)
			SetupTypeCache (280ms)
			ReleaseScriptCaches (0ms)
			RebuildScriptCaches (36ms)
			SetupLoadedEditorAssemblies (277ms)
				LogAssemblyErrors (0ms)
				InitializePlatformSupportModulesInManaged (3ms)
				SetLoadedEditorAssemblies (0ms)
				RefreshPlugins (0ms)
				BeforeProcessingInitializeOnLoad (51ms)
				ProcessInitializeOnLoadAttributes (205ms)
				ProcessInitializeOnLoadMethodAttributes (12ms)
				AfterProcessingInitializeOnLoad (4ms)
				EditorAssembliesLoaded (0ms)
			ExecutionOrderSort2 (0ms)
			AwakeInstancesAfterBackupRestoration (4ms)
Platform modules already initialized, skipping
========================================================================
Worker process is ready to serve import requests
Launched and connected shader compiler UnityShaderCompiler.exe after 0.06 seconds
Refreshing native plugins compatible for Editor in 0.31 ms, found 2 plugins.
Preloading 0 native plugins for Editor in 0.00 ms.
Unloading 1503 Unused Serialized files (Serialized files now loaded: 0)
System memory in use before: 67.5 MB.
System memory in use after: 67.6 MB.

Unloading 19 unused Assets to reduce memory usage. Loaded Objects now: 1935.
Total: 2.141500 ms (FindLiveObjects: 0.165300 ms CreateObjectMapping: 0.041000 ms MarkObjects: 1.857800 ms  DeleteObjects: 0.076200 ms)

AssetImportParameters requested are different than current active one (requested -> active):
  custom:framework-win-MediaFoundation: 216162199b28c13a410421893ffa2e32 -> 
  custom:video-decoder-ogg-theora: a1e56fd34408186e4bbccfd4996cb3dc -> 
  custom:container-muxer-webm: aa71ff27fc2769a1b78a27578f13a17b -> 
  custom:container-demuxer-webm: 4f35f7cbe854078d1ac9338744f61a02 -> 
  custom:container-demuxer-ogg: 62fdf1f143b41e24485cea50d1cbac27 -> 
  custom:video-encoder-webm-vp8: eb34c28f22e8b96e1ab97ce403110664 -> 
  custom:video-decoder-webm-vp8: 9c59270c3fd7afecdb556c50c9e8de78 -> 
  custom:audio-decoder-ogg-vorbis: bf7c407c2cedff20999df2af8eb42d56 -> 
  custom:audio-encoder-webm-vorbis: bf7c407c2cedff20999df2af8eb42d56 -> 
========================================================================
Received Import Request.
  path: Assets/Materials
  artifactKey: Guid(4491cf54187d578458eac0bd2b6f2ab0) Importer(815301076,1909f56bfc062723c751e8b465ee728b)
Start importing Assets/Materials using Guid(4491cf54187d578458eac0bd2b6f2ab0) Importer(815301076,1909f56bfc062723c751e8b465ee728b)  -> (artifact id: '50b51dd28a70affc0625719949018ac8') in 0.005234 seconds 
  Import took 0.007020 seconds .

========================================================================
Received Import Request.
  Time since last request: 20.561966 seconds.
  path: Assets/Materials/New Material.mat
  artifactKey: Guid(e0221066c63ec71458638835959a2f73) Importer(815301076,1909f56bfc062723c751e8b465ee728b)
Start importing Assets/Materials/New Material.mat using Guid(e0221066c63ec71458638835959a2f73) Importer(815301076,1909f56bfc062723c751e8b465ee728b)  -> (artifact id: '3355920f7cedd02e135f08e06a663490') in 0.137627 seconds 
  Import took 0.140696 seconds .

========================================================================
Received Import Request.
  Time since last request: 7.670964 seconds.
  path: Assets/Materials/Plane.mat
  artifactKey: Guid(e0221066c63ec71458638835959a2f73) Importer(815301076,1909f56bfc062723c751e8b465ee728b)
Start importing Assets/Materials/Plane.mat using Guid(e0221066c63ec71458638835959a2f73) Importer(815301076,1909f56bfc062723c751e8b465ee728b)  -> (artifact id: 'f8996a2d942c0bf4e2c0b237c15df050') in 0.008480 seconds 
  Import took 0.010902 seconds .

========================================================================
Received Import Request.
  Time since last request: 228.780120 seconds.
  path: Assets/Models/Cepheus.fbx
  artifactKey: Guid(34ee5f6b78f68e745b152ec97330e75b) Importer(815301076,1909f56bfc062723c751e8b465ee728b)
Start importing Assets/Models/Cepheus.fbx using Guid(34ee5f6b78f68e745b152ec97330e75b) Importer(815301076,1909f56bfc062723c751e8b465ee728b)  -> (artifact id: '20776eeecf65062f06671466cc726f8e') in 1.407733 seconds 
  Import took 1.465660 seconds .

========================================================================
Received Import Request.
  Time since last request: 129.671013 seconds.
  path: Assets/Models/Suephec.fbx
  artifactKey: Guid(ed4f103d527380f47af077eb2cc3e6d6) Importer(815301076,1909f56bfc062723c751e8b465ee728b)
Start importing Assets/Models/Suephec.fbx using Guid(ed4f103d527380f47af077eb2cc3e6d6) Importer(815301076,1909f56bfc062723c751e8b465ee728b)  -> (artifact id: '1cbaff830d94ef843b6b96a571ffd4d2') in 1.031112 seconds 
  Import took 1.097525 seconds .

========================================================================
Received Import Request.
  Time since last request: 567.632583 seconds.
  path: Assets/Models/Cepheus.fbx
  artifactKey: Guid(34ee5f6b78f68e745b152ec97330e75b) Importer(815301076,1909f56bfc062723c751e8b465ee728b)
Start importing Assets/Models/Cepheus.fbx using Guid(34ee5f6b78f68e745b152ec97330e75b) Importer(815301076,1909f56bfc062723c751e8b465ee728b)  -> (artifact id: 'b41e215a28ac1d8a7235f161f0828fdf') in 1.182082 seconds 
  Import took 1.231488 seconds .

========================================================================
Received Import Request.
  Time since last request: 40.288764 seconds.
  path: Assets/Models/Suephec.fbx
  artifactKey: Guid(ed4f103d527380f47af077eb2cc3e6d6) Importer(815301076,1909f56bfc062723c751e8b465ee728b)
Start importing Assets/Models/Suephec.fbx using Guid(ed4f103d527380f47af077eb2cc3e6d6) Importer(815301076,1909f56bfc062723c751e8b465ee728b)  -> (artifact id: 'd3a1e923ca3bb34d0aad3218897e3250') in 0.972039 seconds 
  Import took 1.020087 seconds .

========================================================================
Received Import Request.
  Time since last request: 40.945301 seconds.
  path: Assets/Animator
  artifactKey: Guid(8822aa4e564b2eb41bee6cdfdf6c6453) Importer(815301076,1909f56bfc062723c751e8b465ee728b)
Start importing Assets/Animator using Guid(8822aa4e564b2eb41bee6cdfdf6c6453) Importer(815301076,1909f56bfc062723c751e8b465ee728b)  -> (artifact id: '15571fc192ce720d95a37b37806403c4') in 0.001994 seconds 
  Import took 0.004372 seconds .

========================================================================
Received Import Request.
  Time since last request: 6.668944 seconds.
  path: Assets/Animator Controllers
  artifactKey: Guid(8822aa4e564b2eb41bee6cdfdf6c6453) Importer(815301076,1909f56bfc062723c751e8b465ee728b)
Start importing Assets/Animator Controllers using Guid(8822aa4e564b2eb41bee6cdfdf6c6453) Importer(815301076,1909f56bfc062723c751e8b465ee728b)  -> (artifact id: '7dc034673b4aec5a89187c11959ae6a7') in 0.001871 seconds 
  Import took 0.010289 seconds .

========================================================================
Received Import Request.
  Time since last request: 23.172901 seconds.
  path: Assets/Animator Controllers/New Animator Controller.controller
  artifactKey: Guid(1bd2fa80dcd260341a1793e55a352261) Importer(815301076,1909f56bfc062723c751e8b465ee728b)
Start importing Assets/Animator Controllers/New Animator Controller.controller using Guid(1bd2fa80dcd260341a1793e55a352261) Importer(815301076,1909f56bfc062723c751e8b465ee728b)  -> (artifact id: '7385ca33e53093a55767dccd21a12faa') in 0.007974 seconds 
  Import took 0.010657 seconds .

========================================================================
Received Import Request.
  Time since last request: 8.376665 seconds.
  path: Assets/Animator Controllers/Walking.controller
  artifactKey: Guid(1bd2fa80dcd260341a1793e55a352261) Importer(815301076,1909f56bfc062723c751e8b465ee728b)
Start importing Assets/Animator Controllers/Walking.controller using Guid(1bd2fa80dcd260341a1793e55a352261) Importer(815301076,1909f56bfc062723c751e8b465ee728b)  -> (artifact id: '95aafb3eb77d179f3c959dc8220ff044') in 0.009601 seconds 
  Import took 0.012296 seconds .

========================================================================
Received Import Request.
  Time since last request: 65.828171 seconds.
  path: Assets/Models/Cepheus.fbx
  artifactKey: Guid(34ee5f6b78f68e745b152ec97330e75b) Importer(815301076,1909f56bfc062723c751e8b465ee728b)
Start importing Assets/Models/Cepheus.fbx using Guid(34ee5f6b78f68e745b152ec97330e75b) Importer(815301076,1909f56bfc062723c751e8b465ee728b)  -> (artifact id: 'ab65601b5b3b272ed057dd9145523721') in 1.054338 seconds 
  Import took 1.119894 seconds .

========================================================================
Received Import Request.
  Time since last request: 63.299047 seconds.
  path: Assets/Models/Suephec.fbx
  artifactKey: Guid(ed4f103d527380f47af077eb2cc3e6d6) Importer(815301076,1909f56bfc062723c751e8b465ee728b)
Start importing Assets/Models/Suephec.fbx using Guid(ed4f103d527380f47af077eb2cc3e6d6) Importer(815301076,1909f56bfc062723c751e8b465ee728b)  -> (artifact id: '339c9b6f7bd6dca37b58c2ae2022338e') in 1.183171 seconds 
  Import took 1.230386 seconds .

========================================================================
Received Import Request.
  Time since last request: 274.212927 seconds.
  path: Assets/Models/Suephec.fbx
  artifactKey: Guid(ed4f103d527380f47af077eb2cc3e6d6) Importer(815301076,1909f56bfc062723c751e8b465ee728b)
Start importing Assets/Models/Suephec.fbx using Guid(ed4f103d527380f47af077eb2cc3e6d6) Importer(815301076,1909f56bfc062723c751e8b465ee728b)  -> (artifact id: '1e50b644e5a44ef2996ee22f0ec9b644') in 1.302016 seconds 
  Import took 1.365228 seconds .

========================================================================
Received Prepare
Registering precompiled user dll's ...
Registered in 0.002494 seconds.
Begin MonoManager ReloadAssembly
Native extension for WindowsStandalone target not found
Refreshing native plugins compatible for Editor in 0.54 ms, found 2 plugins.
Preloading 0 native plugins for Editor in 0.00 ms.
Mono: successfully reloaded assembly
- Completed reload, in  0.727 seconds
Domain Reload Profiling:
	ReloadAssembly (727ms)
		BeginReloadAssembly (93ms)
			ExecutionOrderSort (0ms)
			DisableScriptedObjects (3ms)
			BackupInstance (0ms)
			ReleaseScriptingObjects (0ms)
			CreateAndSetChildDomain (37ms)
		EndReloadAssembly (586ms)
			LoadAssemblies (63ms)
			RebuildTransferFunctionScriptingTraits (0ms)
			SetupTypeCache (201ms)
			ReleaseScriptCaches (1ms)
			RebuildScriptCaches (31ms)
			SetupLoadedEditorAssemblies (209ms)
				LogAssemblyErrors (0ms)
				InitializePlatformSupportModulesInManaged (3ms)
				SetLoadedEditorAssemblies (1ms)
				RefreshPlugins (1ms)
				BeforeProcessingInitializeOnLoad (40ms)
				ProcessInitializeOnLoadAttributes (155ms)
				ProcessInitializeOnLoadMethodAttributes (6ms)
				AfterProcessingInitializeOnLoad (3ms)
				EditorAssembliesLoaded (0ms)
			ExecutionOrderSort2 (0ms)
			AwakeInstancesAfterBackupRestoration (7ms)
Platform modules already initialized, skipping
Refreshing native plugins compatible for Editor in 0.31 ms, found 2 plugins.
Preloading 0 native plugins for Editor in 0.00 ms.
Unloading 1497 Unused Serialized files (Serialized files now loaded: 0)
System memory in use before: 104.1 MB.
System memory in use after: 104.2 MB.

Unloading 15 unused Assets to reduce memory usage. Loaded Objects now: 1980.
Total: 2.060100 ms (FindLiveObjects: 0.104800 ms CreateObjectMapping: 0.033200 ms MarkObjects: 1.899400 ms  DeleteObjects: 0.021100 ms)

AssetImportParameters requested are different than current active one (requested -> active):
  custom:framework-win-MediaFoundation: 216162199b28c13a410421893ffa2e32 -> 
  custom:video-decoder-ogg-theora: a1e56fd34408186e4bbccfd4996cb3dc -> 
  custom:container-muxer-webm: aa71ff27fc2769a1b78a27578f13a17b -> 
  custom:container-demuxer-webm: 4f35f7cbe854078d1ac9338744f61a02 -> 
  custom:container-demuxer-ogg: 62fdf1f143b41e24485cea50d1cbac27 -> 
  custom:video-encoder-webm-vp8: eb34c28f22e8b96e1ab97ce403110664 -> 
  custom:video-decoder-webm-vp8: 9c59270c3fd7afecdb556c50c9e8de78 -> 
  custom:audio-decoder-ogg-vorbis: bf7c407c2cedff20999df2af8eb42d56 -> 
  custom:audio-encoder-webm-vorbis: bf7c407c2cedff20999df2af8eb42d56 -> 
========================================================================
Received Import Request.
  Time since last request: 40.508971 seconds.
  path: Assets/Animator Controllers/Walking.controller
  artifactKey: Guid(1bd2fa80dcd260341a1793e55a352261) Importer(815301076,1909f56bfc062723c751e8b465ee728b)
Start importing Assets/Animator Controllers/Walking.controller using Guid(1bd2fa80dcd260341a1793e55a352261) Importer(815301076,1909f56bfc062723c751e8b465ee728b)  -> (artifact id: '1ef3f9718e11cc87b045b543b6241083') in 0.019858 seconds 
  Import took 0.029771 seconds .

========================================================================
Received Import Request.
  Time since last request: 9.039410 seconds.
  path: Assets/Animator Controllers/WalkingSuephec.controller
  artifactKey: Guid(1bd2fa80dcd260341a1793e55a352261) Importer(815301076,1909f56bfc062723c751e8b465ee728b)
Start importing Assets/Animator Controllers/WalkingSuephec.controller using Guid(1bd2fa80dcd260341a1793e55a352261) Importer(815301076,1909f56bfc062723c751e8b465ee728b)  -> (artifact id: 'e379c1fe2f3f8e50f3a0f9ece8a3db9a') in 0.005289 seconds 
  Import took 0.009950 seconds .

========================================================================
Received Import Request.
  Time since last request: 8.928123 seconds.
  path: Assets/Animator Controllers/WalkingCepheus.controller
  artifactKey: Guid(4e0dd359aede4894d926d34fe0e26b9a) Importer(815301076,1909f56bfc062723c751e8b465ee728b)
Start importing Assets/Animator Controllers/WalkingCepheus.controller using Guid(4e0dd359aede4894d926d34fe0e26b9a) Importer(815301076,1909f56bfc062723c751e8b465ee728b)  -> (artifact id: 'ada62b8c9ef9690e2450a04185d08f3c') in 0.002042 seconds 
  Import took 0.004204 seconds .

========================================================================
Received Import Request.
  Time since last request: 69.174634 seconds.
  path: Assets/Models/Cepheus.fbx
  artifactKey: Guid(34ee5f6b78f68e745b152ec97330e75b) Importer(815301076,1909f56bfc062723c751e8b465ee728b)
Start importing Assets/Models/Cepheus.fbx using Guid(34ee5f6b78f68e745b152ec97330e75b) Importer(815301076,1909f56bfc062723c751e8b465ee728b)  -> (artifact id: '97c7f671df9772a31cae95c792c8cfe1') in 1.052611 seconds 
  Import took 1.111657 seconds .

========================================================================
Received Import Request.
  Time since last request: 117.308265 seconds.
  path: Assets/Models/Cepheus.fbx
  artifactKey: Guid(34ee5f6b78f68e745b152ec97330e75b) Importer(815301076,1909f56bfc062723c751e8b465ee728b)
Start importing Assets/Models/Cepheus.fbx using Guid(34ee5f6b78f68e745b152ec97330e75b) Importer(815301076,1909f56bfc062723c751e8b465ee728b)  -> (artifact id: 'f6ca26727fb35cdd73235896e320befa') in 1.320766 seconds 
  Import took 1.372080 seconds .

========================================================================
Received Prepare
Registering precompiled user dll's ...
Registered in 0.007310 seconds.
Begin MonoManager ReloadAssembly
Native extension for WindowsStandalone target not found
Refreshing native plugins compatible for Editor in 0.29 ms, found 2 plugins.
Preloading 0 native plugins for Editor in 0.00 ms.
Mono: successfully reloaded assembly
- Completed reload, in  0.767 seconds
Domain Reload Profiling:
	ReloadAssembly (769ms)
		BeginReloadAssembly (109ms)
			ExecutionOrderSort (0ms)
			DisableScriptedObjects (4ms)
			BackupInstance (0ms)
			ReleaseScriptingObjects (0ms)
			CreateAndSetChildDomain (49ms)
		EndReloadAssembly (613ms)
			LoadAssemblies (62ms)
			RebuildTransferFunctionScriptingTraits (0ms)
			SetupTypeCache (200ms)
			ReleaseScriptCaches (1ms)
			RebuildScriptCaches (32ms)
			SetupLoadedEditorAssemblies (250ms)
				LogAssemblyErrors (0ms)
				InitializePlatformSupportModulesInManaged (4ms)
				SetLoadedEditorAssemblies (0ms)
				RefreshPlugins (0ms)
				BeforeProcessingInitializeOnLoad (38ms)
				ProcessInitializeOnLoadAttributes (199ms)
				ProcessInitializeOnLoadMethodAttributes (6ms)
				AfterProcessingInitializeOnLoad (3ms)
				EditorAssembliesLoaded (0ms)
			ExecutionOrderSort2 (0ms)
			AwakeInstancesAfterBackupRestoration (5ms)
Platform modules already initialized, skipping
Refreshing native plugins compatible for Editor in 0.33 ms, found 2 plugins.
Preloading 0 native plugins for Editor in 0.00 ms.
Unloading 1497 Unused Serialized files (Serialized files now loaded: 0)
System memory in use before: 116.2 MB.
System memory in use after: 116.3 MB.

Unloading 15 unused Assets to reduce memory usage. Loaded Objects now: 1983.
Total: 5.045700 ms (FindLiveObjects: 0.386600 ms CreateObjectMapping: 0.055500 ms MarkObjects: 4.545900 ms  DeleteObjects: 0.054300 ms)

AssetImportParameters requested are different than current active one (requested -> active):
  custom:framework-win-MediaFoundation: 216162199b28c13a410421893ffa2e32 -> 
  custom:video-decoder-ogg-theora: a1e56fd34408186e4bbccfd4996cb3dc -> 
  custom:container-muxer-webm: aa71ff27fc2769a1b78a27578f13a17b -> 
  custom:container-demuxer-webm: 4f35f7cbe854078d1ac9338744f61a02 -> 
  custom:container-demuxer-ogg: 62fdf1f143b41e24485cea50d1cbac27 -> 
  custom:video-encoder-webm-vp8: eb34c28f22e8b96e1ab97ce403110664 -> 
  custom:video-decoder-webm-vp8: 9c59270c3fd7afecdb556c50c9e8de78 -> 
  custom:audio-decoder-ogg-vorbis: bf7c407c2cedff20999df2af8eb42d56 -> 
  custom:audio-encoder-webm-vorbis: bf7c407c2cedff20999df2af8eb42d56 -> 
========================================================================
Received Prepare
Registering precompiled user dll's ...
Registered in 0.002652 seconds.
Begin MonoManager ReloadAssembly
Native extension for WindowsStandalone target not found
Refreshing native plugins compatible for Editor in 0.33 ms, found 2 plugins.
Preloading 0 native plugins for Editor in 0.00 ms.
Mono: successfully reloaded assembly
- Completed reload, in  1.053 seconds
Domain Reload Profiling:
	ReloadAssembly (1053ms)
		BeginReloadAssembly (88ms)
			ExecutionOrderSort (0ms)
			DisableScriptedObjects (4ms)
			BackupInstance (0ms)
			ReleaseScriptingObjects (0ms)
			CreateAndSetChildDomain (29ms)
		EndReloadAssembly (904ms)
			LoadAssemblies (79ms)
			RebuildTransferFunctionScriptingTraits (0ms)
			SetupTypeCache (329ms)
			ReleaseScriptCaches (1ms)
			RebuildScriptCaches (47ms)
			SetupLoadedEditorAssemblies (323ms)
				LogAssemblyErrors (0ms)
				InitializePlatformSupportModulesInManaged (10ms)
				SetLoadedEditorAssemblies (1ms)
				RefreshPlugins (0ms)
				BeforeProcessingInitializeOnLoad (56ms)
				ProcessInitializeOnLoadAttributes (238ms)
				ProcessInitializeOnLoadMethodAttributes (11ms)
				AfterProcessingInitializeOnLoad (6ms)
				EditorAssembliesLoaded (0ms)
			ExecutionOrderSort2 (0ms)
			AwakeInstancesAfterBackupRestoration (10ms)
Platform modules already initialized, skipping
Refreshing native plugins compatible for Editor in 0.77 ms, found 2 plugins.
Preloading 0 native plugins for Editor in 0.00 ms.
Unloading 1497 Unused Serialized files (Serialized files now loaded: 0)
System memory in use before: 116.2 MB.
System memory in use after: 116.3 MB.

Unloading 14 unused Assets to reduce memory usage. Loaded Objects now: 1985.
Total: 2.876000 ms (FindLiveObjects: 0.106200 ms CreateObjectMapping: 0.027200 ms MarkObjects: 2.725300 ms  DeleteObjects: 0.015700 ms)

AssetImportParameters requested are different than current active one (requested -> active):
  custom:framework-win-MediaFoundation: 216162199b28c13a410421893ffa2e32 -> 
  custom:video-decoder-ogg-theora: a1e56fd34408186e4bbccfd4996cb3dc -> 
  custom:container-muxer-webm: aa71ff27fc2769a1b78a27578f13a17b -> 
  custom:container-demuxer-webm: 4f35f7cbe854078d1ac9338744f61a02 -> 
  custom:container-demuxer-ogg: 62fdf1f143b41e24485cea50d1cbac27 -> 
  custom:video-encoder-webm-vp8: eb34c28f22e8b96e1ab97ce403110664 -> 
  custom:video-decoder-webm-vp8: 9c59270c3fd7afecdb556c50c9e8de78 -> 
  custom:audio-decoder-ogg-vorbis: bf7c407c2cedff20999df2af8eb42d56 -> 
  custom:audio-encoder-webm-vorbis: bf7c407c2cedff20999df2af8eb42d56 -> 
========================================================================
Received Import Request.
  Time since last request: 111.286724 seconds.
  path: Assets/Animator Controllers/RunningSuephec.controller
  artifactKey: Guid(9fdb2c1ddc309774584021587faa380c) Importer(815301076,1909f56bfc062723c751e8b465ee728b)
Start importing Assets/Animator Controllers/RunningSuephec.controller using Guid(9fdb2c1ddc309774584021587faa380c) Importer(815301076,1909f56bfc062723c751e8b465ee728b)  -> (artifact id: 'dfcdeb4cbd9d002961e568d91bd7c968') in 0.017522 seconds 
  Import took 0.020149 seconds .

========================================================================
Received Import Request.
  Time since last request: 77.572287 seconds.
  path: Assets/Models/Suephec.fbx
  artifactKey: Guid(ed4f103d527380f47af077eb2cc3e6d6) Importer(815301076,1909f56bfc062723c751e8b465ee728b)
Start importing Assets/Models/Suephec.fbx using Guid(ed4f103d527380f47af077eb2cc3e6d6) Importer(815301076,1909f56bfc062723c751e8b465ee728b)  -> (artifact id: '47ecbdd6381cbdcaeb974ff927d358ad') in 1.359326 seconds 
  Import took 1.418303 seconds .

========================================================================
Received Import Request.
  Time since last request: 37.391529 seconds.
  path: Assets/Models/Cepheus.fbx
  artifactKey: Guid(34ee5f6b78f68e745b152ec97330e75b) Importer(815301076,1909f56bfc062723c751e8b465ee728b)
Start importing Assets/Models/Cepheus.fbx using Guid(34ee5f6b78f68e745b152ec97330e75b) Importer(815301076,1909f56bfc062723c751e8b465ee728b)  -> (artifact id: 'ae16d18e813b23817cd0c4022803c21a') in 1.203076 seconds 
  Import took 1.264619 seconds .

========================================================================
Received Prepare
Registering precompiled user dll's ...
Registered in 0.002942 seconds.
Begin MonoManager ReloadAssembly
Native extension for WindowsStandalone target not found
Refreshing native plugins compatible for Editor in 0.25 ms, found 2 plugins.
Preloading 0 native plugins for Editor in 0.00 ms.
Mono: successfully reloaded assembly
- Completed reload, in  0.689 seconds
Domain Reload Profiling:
	ReloadAssembly (690ms)
		BeginReloadAssembly (82ms)
			ExecutionOrderSort (0ms)
			DisableScriptedObjects (4ms)
			BackupInstance (0ms)
			ReleaseScriptingObjects (0ms)
			CreateAndSetChildDomain (24ms)
		EndReloadAssembly (563ms)
			LoadAssemblies (62ms)
			RebuildTransferFunctionScriptingTraits (0ms)
			SetupTypeCache (215ms)
			ReleaseScriptCaches (1ms)
			RebuildScriptCaches (30ms)
			SetupLoadedEditorAssemblies (196ms)
				LogAssemblyErrors (0ms)
				InitializePlatformSupportModulesInManaged (3ms)
				SetLoadedEditorAssemblies (0ms)
				RefreshPlugins (0ms)
				BeforeProcessingInitializeOnLoad (37ms)
				ProcessInitializeOnLoadAttributes (146ms)
				ProcessInitializeOnLoadMethodAttributes (6ms)
				AfterProcessingInitializeOnLoad (3ms)
				EditorAssembliesLoaded (0ms)
			ExecutionOrderSort2 (0ms)
			AwakeInstancesAfterBackupRestoration (5ms)
Platform modules already initialized, skipping
Refreshing native plugins compatible for Editor in 0.26 ms, found 2 plugins.
Preloading 0 native plugins for Editor in 0.00 ms.
Unloading 1497 Unused Serialized files (Serialized files now loaded: 0)
System memory in use before: 116.3 MB.
System memory in use after: 116.4 MB.

Unloading 15 unused Assets to reduce memory usage. Loaded Objects now: 1988.
Total: 1.876500 ms (FindLiveObjects: 0.092800 ms CreateObjectMapping: 0.025400 ms MarkObjects: 1.741200 ms  DeleteObjects: 0.016100 ms)

AssetImportParameters requested are different than current active one (requested -> active):
  custom:framework-win-MediaFoundation: 216162199b28c13a410421893ffa2e32 -> 
  custom:video-decoder-ogg-theora: a1e56fd34408186e4bbccfd4996cb3dc -> 
  custom:container-muxer-webm: aa71ff27fc2769a1b78a27578f13a17b -> 
  custom:container-demuxer-webm: 4f35f7cbe854078d1ac9338744f61a02 -> 
  custom:container-demuxer-ogg: 62fdf1f143b41e24485cea50d1cbac27 -> 
  custom:video-encoder-webm-vp8: eb34c28f22e8b96e1ab97ce403110664 -> 
  custom:video-decoder-webm-vp8: 9c59270c3fd7afecdb556c50c9e8de78 -> 
  custom:audio-decoder-ogg-vorbis: bf7c407c2cedff20999df2af8eb42d56 -> 
  custom:audio-encoder-webm-vorbis: bf7c407c2cedff20999df2af8eb42d56 -> 
========================================================================
Received Import Request.
  Time since last request: 32.316292 seconds.
  path: Assets/Animator Controllers/RunningCepheus.controller
  artifactKey: Guid(fd79bbe6bb0f07a448a9d5cb2a03e0b9) Importer(815301076,1909f56bfc062723c751e8b465ee728b)
Start importing Assets/Animator Controllers/RunningCepheus.controller using Guid(fd79bbe6bb0f07a448a9d5cb2a03e0b9) Importer(815301076,1909f56bfc062723c751e8b465ee728b)  -> (artifact id: 'dea2238250b1d439b36e4a5cda455dc2') in 0.015438 seconds 
  Import took 0.017372 seconds .

========================================================================
Received Prepare
Registering precompiled user dll's ...
Registered in 0.004446 seconds.
Begin MonoManager ReloadAssembly
Native extension for WindowsStandalone target not found
Refreshing native plugins compatible for Editor in 0.29 ms, found 2 plugins.
Preloading 0 native plugins for Editor in 0.00 ms.
Mono: successfully reloaded assembly
- Completed reload, in  1.016 seconds
Domain Reload Profiling:
	ReloadAssembly (1017ms)
		BeginReloadAssembly (99ms)
			ExecutionOrderSort (0ms)
			DisableScriptedObjects (3ms)
			BackupInstance (0ms)
			ReleaseScriptingObjects (0ms)
			CreateAndSetChildDomain (33ms)
		EndReloadAssembly (864ms)
			LoadAssemblies (78ms)
			RebuildTransferFunctionScriptingTraits (0ms)
			SetupTypeCache (364ms)
			ReleaseScriptCaches (1ms)
			RebuildScriptCaches (36ms)
			SetupLoadedEditorAssemblies (283ms)
				LogAssemblyErrors (0ms)
				InitializePlatformSupportModulesInManaged (5ms)
				SetLoadedEditorAssemblies (0ms)
				RefreshPlugins (0ms)
				BeforeProcessingInitializeOnLoad (48ms)
				ProcessInitializeOnLoadAttributes (219ms)
				ProcessInitializeOnLoadMethodAttributes (6ms)
				AfterProcessingInitializeOnLoad (3ms)
				EditorAssembliesLoaded (0ms)
			ExecutionOrderSort2 (0ms)
			AwakeInstancesAfterBackupRestoration (4ms)
Platform modules already initialized, skipping
Refreshing native plugins compatible for Editor in 0.29 ms, found 2 plugins.
Preloading 0 native plugins for Editor in 0.00 ms.
Unloading 1497 Unused Serialized files (Serialized files now loaded: 0)
System memory in use before: 116.3 MB.
System memory in use after: 116.5 MB.

Unloading 14 unused Assets to reduce memory usage. Loaded Objects now: 1990.
Total: 1.828600 ms (FindLiveObjects: 0.092300 ms CreateObjectMapping: 0.024400 ms MarkObjects: 1.697400 ms  DeleteObjects: 0.013500 ms)

AssetImportParameters requested are different than current active one (requested -> active):
  custom:framework-win-MediaFoundation: 216162199b28c13a410421893ffa2e32 -> 
  custom:video-decoder-ogg-theora: a1e56fd34408186e4bbccfd4996cb3dc -> 
  custom:container-muxer-webm: aa71ff27fc2769a1b78a27578f13a17b -> 
  custom:container-demuxer-webm: 4f35f7cbe854078d1ac9338744f61a02 -> 
  custom:container-demuxer-ogg: 62fdf1f143b41e24485cea50d1cbac27 -> 
  custom:video-encoder-webm-vp8: eb34c28f22e8b96e1ab97ce403110664 -> 
  custom:video-decoder-webm-vp8: 9c59270c3fd7afecdb556c50c9e8de78 -> 
  custom:audio-decoder-ogg-vorbis: bf7c407c2cedff20999df2af8eb42d56 -> 
  custom:audio-encoder-webm-vorbis: bf7c407c2cedff20999df2af8eb42d56 -> 
========================================================================
Received Prepare
Registering precompiled user dll's ...
Registered in 0.005233 seconds.
Begin MonoManager ReloadAssembly
Native extension for WindowsStandalone target not found
Refreshing native plugins compatible for Editor in 0.29 ms, found 2 plugins.
Preloading 0 native plugins for Editor in 0.00 ms.
Mono: successfully reloaded assembly
- Completed reload, in  0.796 seconds
Domain Reload Profiling:
	ReloadAssembly (796ms)
		BeginReloadAssembly (110ms)
			ExecutionOrderSort (0ms)
			DisableScriptedObjects (5ms)
			BackupInstance (0ms)
			ReleaseScriptingObjects (0ms)
			CreateAndSetChildDomain (32ms)
		EndReloadAssembly (624ms)
			LoadAssemblies (87ms)
			RebuildTransferFunctionScriptingTraits (0ms)
			SetupTypeCache (227ms)
			ReleaseScriptCaches (2ms)
			RebuildScriptCaches (32ms)
			SetupLoadedEditorAssemblies (208ms)
				LogAssemblyErrors (0ms)
				InitializePlatformSupportModulesInManaged (3ms)
				SetLoadedEditorAssemblies (0ms)
				RefreshPlugins (0ms)
				BeforeProcessingInitializeOnLoad (41ms)
				ProcessInitializeOnLoadAttributes (152ms)
				ProcessInitializeOnLoadMethodAttributes (6ms)
				AfterProcessingInitializeOnLoad (5ms)
				EditorAssembliesLoaded (0ms)
			ExecutionOrderSort2 (0ms)
			AwakeInstancesAfterBackupRestoration (7ms)
Platform modules already initialized, skipping
Refreshing native plugins compatible for Editor in 0.86 ms, found 2 plugins.
Preloading 0 native plugins for Editor in 0.00 ms.
Unloading 1497 Unused Serialized files (Serialized files now loaded: 0)
System memory in use before: 116.4 MB.
System memory in use after: 116.5 MB.

Unloading 14 unused Assets to reduce memory usage. Loaded Objects now: 1992.
Total: 2.058300 ms (FindLiveObjects: 0.103400 ms CreateObjectMapping: 0.033000 ms MarkObjects: 1.906200 ms  DeleteObjects: 0.014800 ms)

AssetImportParameters requested are different than current active one (requested -> active):
  custom:framework-win-MediaFoundation: 216162199b28c13a410421893ffa2e32 -> 
  custom:video-decoder-ogg-theora: a1e56fd34408186e4bbccfd4996cb3dc -> 
  custom:container-muxer-webm: aa71ff27fc2769a1b78a27578f13a17b -> 
  custom:container-demuxer-webm: 4f35f7cbe854078d1ac9338744f61a02 -> 
  custom:container-demuxer-ogg: 62fdf1f143b41e24485cea50d1cbac27 -> 
  custom:video-encoder-webm-vp8: eb34c28f22e8b96e1ab97ce403110664 -> 
  custom:video-decoder-webm-vp8: 9c59270c3fd7afecdb556c50c9e8de78 -> 
  custom:audio-decoder-ogg-vorbis: bf7c407c2cedff20999df2af8eb42d56 -> 
  custom:audio-encoder-webm-vorbis: bf7c407c2cedff20999df2af8eb42d56 -> 
========================================================================
Received Prepare
Registering precompiled user dll's ...
Registered in 0.003654 seconds.
Begin MonoManager ReloadAssembly
Native extension for WindowsStandalone target not found
Refreshing native plugins compatible for Editor in 0.43 ms, found 2 plugins.
Preloading 0 native plugins for Editor in 0.00 ms.
Mono: successfully reloaded assembly
- Completed reload, in  0.807 seconds
Domain Reload Profiling:
	ReloadAssembly (808ms)
		BeginReloadAssembly (78ms)
			ExecutionOrderSort (0ms)
			DisableScriptedObjects (4ms)
			BackupInstance (0ms)
			ReleaseScriptingObjects (0ms)
			CreateAndSetChildDomain (20ms)
		EndReloadAssembly (674ms)
			LoadAssemblies (79ms)
			RebuildTransferFunctionScriptingTraits (0ms)
			SetupTypeCache (272ms)
			ReleaseScriptCaches (1ms)
			RebuildScriptCaches (28ms)
			SetupLoadedEditorAssemblies (228ms)
				LogAssemblyErrors (0ms)
				InitializePlatformSupportModulesInManaged (4ms)
				SetLoadedEditorAssemblies (0ms)
				RefreshPlugins (0ms)
				BeforeProcessingInitializeOnLoad (39ms)
				ProcessInitializeOnLoadAttributes (170ms)
				ProcessInitializeOnLoadMethodAttributes (11ms)
				AfterProcessingInitializeOnLoad (4ms)
				EditorAssembliesLoaded (0ms)
			ExecutionOrderSort2 (0ms)
			AwakeInstancesAfterBackupRestoration (5ms)
Platform modules already initialized, skipping
Refreshing native plugins compatible for Editor in 0.27 ms, found 2 plugins.
Preloading 0 native plugins for Editor in 0.00 ms.
Unloading 1497 Unused Serialized files (Serialized files now loaded: 0)
System memory in use before: 116.4 MB.
System memory in use after: 116.5 MB.

Unloading 14 unused Assets to reduce memory usage. Loaded Objects now: 1994.
Total: 2.228200 ms (FindLiveObjects: 0.096300 ms CreateObjectMapping: 0.030400 ms MarkObjects: 2.085400 ms  DeleteObjects: 0.014800 ms)

AssetImportParameters requested are different than current active one (requested -> active):
  custom:framework-win-MediaFoundation: 216162199b28c13a410421893ffa2e32 -> 
  custom:video-decoder-ogg-theora: a1e56fd34408186e4bbccfd4996cb3dc -> 
  custom:container-muxer-webm: aa71ff27fc2769a1b78a27578f13a17b -> 
  custom:container-demuxer-webm: 4f35f7cbe854078d1ac9338744f61a02 -> 
  custom:container-demuxer-ogg: 62fdf1f143b41e24485cea50d1cbac27 -> 
  custom:video-encoder-webm-vp8: eb34c28f22e8b96e1ab97ce403110664 -> 
  custom:video-decoder-webm-vp8: 9c59270c3fd7afecdb556c50c9e8de78 -> 
  custom:audio-decoder-ogg-vorbis: bf7c407c2cedff20999df2af8eb42d56 -> 
  custom:audio-encoder-webm-vorbis: bf7c407c2cedff20999df2af8eb42d56 -> 
========================================================================
Received Prepare
Registering precompiled user dll's ...
Registered in 0.002833 seconds.
Begin MonoManager ReloadAssembly
Native extension for WindowsStandalone target not found
Refreshing native plugins compatible for Editor in 1.73 ms, found 2 plugins.
Preloading 0 native plugins for Editor in 0.00 ms.
Mono: successfully reloaded assembly
- Completed reload, in  1.197 seconds
Domain Reload Profiling:
	ReloadAssembly (1198ms)
		BeginReloadAssembly (149ms)
			ExecutionOrderSort (0ms)
			DisableScriptedObjects (5ms)
			BackupInstance (0ms)
			ReleaseScriptingObjects (0ms)
			CreateAndSetChildDomain (56ms)
		EndReloadAssembly (976ms)
			LoadAssemblies (100ms)
			RebuildTransferFunctionScriptingTraits (0ms)
			SetupTypeCache (334ms)
			ReleaseScriptCaches (1ms)
			RebuildScriptCaches (41ms)
			SetupLoadedEditorAssemblies (404ms)
				LogAssemblyErrors (0ms)
				InitializePlatformSupportModulesInManaged (7ms)
				SetLoadedEditorAssemblies (1ms)
				RefreshPlugins (2ms)
				BeforeProcessingInitializeOnLoad (59ms)
				ProcessInitializeOnLoadAttributes (312ms)
				ProcessInitializeOnLoadMethodAttributes (15ms)
				AfterProcessingInitializeOnLoad (8ms)
				EditorAssembliesLoaded (1ms)
			ExecutionOrderSort2 (0ms)
			AwakeInstancesAfterBackupRestoration (14ms)
Platform modules already initialized, skipping
Refreshing native plugins compatible for Editor in 0.42 ms, found 2 plugins.
Preloading 0 native plugins for Editor in 0.00 ms.
Unloading 1497 Unused Serialized files (Serialized files now loaded: 0)
System memory in use before: 116.4 MB.
System memory in use after: 116.5 MB.

Unloading 14 unused Assets to reduce memory usage. Loaded Objects now: 1996.
Total: 3.155700 ms (FindLiveObjects: 0.392400 ms CreateObjectMapping: 0.074700 ms MarkObjects: 2.649900 ms  DeleteObjects: 0.035800 ms)

AssetImportParameters requested are different than current active one (requested -> active):
  custom:framework-win-MediaFoundation: 216162199b28c13a410421893ffa2e32 -> 
  custom:video-decoder-ogg-theora: a1e56fd34408186e4bbccfd4996cb3dc -> 
  custom:container-muxer-webm: aa71ff27fc2769a1b78a27578f13a17b -> 
  custom:container-demuxer-webm: 4f35f7cbe854078d1ac9338744f61a02 -> 
  custom:container-demuxer-ogg: 62fdf1f143b41e24485cea50d1cbac27 -> 
  custom:video-encoder-webm-vp8: eb34c28f22e8b96e1ab97ce403110664 -> 
  custom:video-decoder-webm-vp8: 9c59270c3fd7afecdb556c50c9e8de78 -> 
  custom:audio-decoder-ogg-vorbis: bf7c407c2cedff20999df2af8eb42d56 -> 
  custom:audio-encoder-webm-vorbis: bf7c407c2cedff20999df2af8eb42d56 -> 
AssetImportWorkerClient::OnTransportError - code=2 error=End of file
